# JRE version: OpenJDK Runtime Environment (11.0.12+7) (build 11.0.12+7-b1504.28-7817840)
# Java VM: OpenJDK 64-Bit Server VM (11.0.12+7-b1504.28-7817840, mixed mode, tiered, compressed oops, g1 gc, windows-amd64)
Heap:
 garbage-first heap   total 359424K, used 238354K [0x0000000080000000, 0x0000000100000000)
  region size 1024K, 42 young (43008K), 2 survivors (2048K)
 Metaspace       used 143911K, capacity 148834K, committed 149068K, reserved 645120K
  class space    used 18202K, capacity 20075K, committed 20096K, reserved 516096K
GC Heap History (20 events):
Event: 355.123 GC heap before
{Heap before GC invocations=110 (full 0):
 garbage-first heap   total 359424K, used 266809K [0x0000000080000000, 0x0000000100000000)
  region size 1024K, 98 young (100352K), 2 survivors (2048K)
 Metaspace       used 129927K, capacity 134358K, committed 134476K, reserved 632832K
  class space    used 16429K, capacity 18033K, committed 18048K, reserved 516096K
}
Event: 355.154 GC heap after
{Heap after GC invocations=111 (full 0):
 garbage-first heap   total 359424K, used 175662K [0x0000000080000000, 0x0000000100000000)
  region size 1024K, 8 young (8192K), 8 survivors (8192K)
 Metaspace       used 129927K, capacity 134358K, committed 134476K, reserved 632832K
  class space    used 16429K, capacity 18033K, committed 18048K, reserved 516096K
}
Event: 356.819 GC heap before
{Heap before GC invocations=112 (full 0):
 garbage-first heap   total 359424K, used 277038K [0x0000000080000000, 0x0000000100000000)
  region size 1024K, 108 young (110592K), 8 survivors (8192K)
 Metaspace       used 133779K, capacity 138258K, committed 138444K, reserved 636928K
  class space    used 16928K, capacity 18589K, committed 18688K, reserved 516096K
}
Event: 356.902 GC heap after
{Heap after GC invocations=113 (full 0):
 garbage-first heap   total 359424K, used 188626K [0x0000000080000000, 0x0000000100000000)
  region size 1024K, 14 young (14336K), 14 survivors (14336K)
 Metaspace       used 133779K, capacity 138258K, committed 138444K, reserved 636928K
  class space    used 16928K, capacity 18589K, committed 18688K, reserved 516096K
}
Event: 356.933 GC heap before
{Heap before GC invocations=113 (full 0):
 garbage-first heap   total 359424K, used 191698K [0x0000000080000000, 0x0000000100000000)
  region size 1024K, 17 young (17408K), 14 survivors (14336K)
 Metaspace       used 133821K, capacity 138322K, committed 138444K, reserved 636928K
  class space    used 16932K, capacity 18589K, committed 18688K, reserved 516096K
}
Event: 356.956 GC heap after
{Heap after GC invocations=114 (full 0):
 garbage-first heap   total 359424K, used 185318K [0x0000000080000000, 0x0000000100000000)
  region size 1024K, 2 young (2048K), 2 survivors (2048K)
 Metaspace       used 133821K, capacity 138322K, committed 138444K, reserved 636928K
  class space    used 16932K, capacity 18589K, committed 18688K, reserved 516096K
}
Event: 357.643 GC heap before
{Heap before GC invocations=114 (full 0):
 garbage-first heap   total 359424K, used 236518K [0x0000000080000000, 0x0000000100000000)
  region size 1024K, 54 young (55296K), 2 survivors (2048K)
 Metaspace       used 135773K, capacity 140283K, committed 140492K, reserved 638976K
  class space    used 17178K, capacity 18876K, committed 18944K, reserved 516096K
}
Event: 357.654 GC heap after
{Heap after GC invocations=115 (full 0):
 garbage-first heap   total 359424K, used 191194K [0x0000000080000000, 0x0000000100000000)
  region size 1024K, 8 young (8192K), 8 survivors (8192K)
 Metaspace       used 135773K, capacity 140283K, committed 140492K, reserved 638976K
  class space    used 17178K, capacity 18876K, committed 18944K, reserved 516096K
}
Event: 359.079 GC heap before
{Heap before GC invocations=116 (full 0):
 garbage-first heap   total 359424K, used 288474K [0x0000000080000000, 0x0000000100000000)
  region size 1024K, 102 young (104448K), 8 survivors (8192K)
 Metaspace       used 138601K, capacity 143260K, committed 143564K, reserved 641024K
  class space    used 17615K, capacity 19363K, committed 19456K, reserved 516096K
}
Event: 359.103 GC heap after
{Heap after GC invocations=117 (full 0):
 garbage-first heap   total 359424K, used 204547K [0x0000000080000000, 0x0000000100000000)
  region size 1024K, 13 young (13312K), 13 survivors (13312K)
 Metaspace       used 138601K, capacity 143260K, committed 143564K, reserved 641024K
  class space    used 17615K, capacity 19363K, committed 19456K, reserved 516096K
}
Event: 359.252 GC heap before
{Heap before GC invocations=117 (full 0):
 garbage-first heap   total 359424K, used 208643K [0x0000000080000000, 0x0000000100000000)
  region size 1024K, 17 young (17408K), 13 survivors (13312K)
 Metaspace       used 139304K, capacity 144040K, committed 144204K, reserved 641024K
  class space    used 17732K, capacity 19494K, committed 19584K, reserved 516096K
}
Event: 359.274 GC heap after
{Heap after GC invocations=118 (full 0):
 garbage-first heap   total 359424K, used 206284K [0x0000000080000000, 0x0000000100000000)
  region size 1024K, 2 young (2048K), 2 survivors (2048K)
 Metaspace       used 139304K, capacity 144040K, committed 144204K, reserved 641024K
  class space    used 17732K, capacity 19494K, committed 19584K, reserved 516096K
}
Event: 360.821 GC heap before
{Heap before GC invocations=118 (full 0):
 garbage-first heap   total 359424K, used 290252K [0x0000000080000000, 0x0000000100000000)
  region size 1024K, 84 young (86016K), 2 survivors (2048K)
 Metaspace       used 141688K, capacity 146420K, committed 146764K, reserved 643072K
  class space    used 17959K, capacity 19736K, committed 19840K, reserved 516096K
}
Event: 360.830 GC heap after
{Heap after GC invocations=119 (full 0):
 garbage-first heap   total 359424K, used 205206K [0x0000000080000000, 0x0000000100000000)
  region size 1024K, 1 young (1024K), 1 survivors (1024K)
 Metaspace       used 141688K, capacity 146420K, committed 146764K, reserved 643072K
  class space    used 17959K, capacity 19736K, committed 19840K, reserved 516096K
}
Event: 362.505 GC heap before
{Heap before GC invocations=120 (full 0):
 garbage-first heap   total 359424K, used 295318K [0x0000000080000000, 0x0000000100000000)
  region size 1024K, 89 young (91136K), 1 survivors (1024K)
 Metaspace       used 142278K, capacity 147072K, committed 147276K, reserved 645120K
  class space    used 17995K, capacity 19773K, committed 19840K, reserved 516096K
}
Event: 362.514 GC heap after
{Heap after GC invocations=121 (full 0):
 garbage-first heap   total 359424K, used 205562K [0x0000000080000000, 0x0000000100000000)
  region size 1024K, 2 young (2048K), 2 survivors (2048K)
 Metaspace       used 142278K, capacity 147072K, committed 147276K, reserved 645120K
  class space    used 17995K, capacity 19773K, committed 19840K, reserved 516096K
}
Event: 362.730 GC heap before
{Heap before GC invocations=121 (full 0):
 garbage-first heap   total 359424K, used 220922K [0x0000000080000000, 0x0000000100000000)
  region size 1024K, 17 young (17408K), 2 survivors (2048K)
 Metaspace       used 142596K, capacity 147400K, committed 147532K, reserved 645120K
  class space    used 18041K, capacity 19840K, committed 19840K, reserved 516096K
}
Event: 362.753 GC heap after
{Heap after GC invocations=122 (full 0):
 garbage-first heap   total 359424K, used 198160K [0x0000000080000000, 0x0000000100000000)
  region size 1024K, 2 young (2048K), 2 survivors (2048K)
 Metaspace       used 142596K, capacity 147400K, committed 147532K, reserved 645120K
  class space    used 18041K, capacity 19840K, committed 19840K, reserved 516096K
}
Event: 364.948 GC heap before
{Heap before GC invocations=122 (full 0):
 garbage-first heap   total 359424K, used 294416K [0x0000000080000000, 0x0000000100000000)
  region size 1024K, 96 young (98304K), 2 survivors (2048K)
 Metaspace       used 143898K, capacity 148834K, committed 149068K, reserved 645120K
  class space    used 18202K, capacity 20075K, committed 20096K, reserved 516096K
}
Event: 364.958 GC heap after
{Heap after GC invocations=123 (full 0):
 garbage-first heap   total 359424K, used 198418K [0x0000000080000000, 0x0000000100000000)
  region size 1024K, 2 young (2048K), 2 survivors (2048K)
 Metaspace       used 143898K, capacity 148834K, committed 149068K, reserved 645120K
  class space    used 18202K, capacity 20075K, committed 20096K, reserved 516096K
}

